

Started GET "/" for 75.45.13.47 at 2011-04-11 13:49:57 -0400

ActionController::RoutingError (No route matches "/"):
  



Started GET "/" for 75.45.13.47 at 2011-04-11 13:53:14 -0400

ActionController::RoutingError (No route matches "/"):
  



Started GET "/" for 75.45.13.47 at 2011-04-11 13:54:16 -0400

ActionController::RoutingError (No route matches "/"):
  



Started GET "/" for 75.45.13.47 at 2011-04-11 13:57:07 -0400
  Processing by HomeController#index as HTML
Rendered home/index.html.erb within layouts/application (51.1ms)
Completed 200 OK in 67ms (Views: 66.1ms | ActiveRecord: 0.0ms)


Started GET "/javascripts/application.js?1302506312" for 75.45.13.47 at 2011-04-11 13:57:08 -0400

ActionController::RoutingError (No route matches "/javascripts/application.js"):
  



Started GET "/javascripts/prototype.js?1302506312" for 75.45.13.47 at 2011-04-11 13:57:08 -0400

ActionController::RoutingError (No route matches "/javascripts/prototype.js"):
  



Started GET "/javascripts/effects.js?1302506312" for 75.45.13.47 at 2011-04-11 13:57:08 -0400

ActionController::RoutingError (No route matches "/javascripts/effects.js"):
  



Started GET "/javascripts/dragdrop.js?1302506312" for 75.45.13.47 at 2011-04-11 13:57:08 -0400

ActionController::RoutingError (No route matches "/javascripts/dragdrop.js"):
  



Started GET "/javascripts/controls.js?1302506312" for 75.45.13.47 at 2011-04-11 13:57:08 -0400

ActionController::RoutingError (No route matches "/javascripts/controls.js"):
  



Started GET "/javascripts/rails.js?1302506312" for 75.45.13.47 at 2011-04-11 13:57:08 -0400

ActionController::RoutingError (No route matches "/javascripts/rails.js"):
  



Started GET "/javascripts/application.js?1302506312" for 75.45.13.47 at 2011-04-11 13:57:08 -0400

ActionController::RoutingError (No route matches "/javascripts/application.js"):
  

